  game.cpp
d:\users\l533\documents\github\spteam08\sp1framework\game.cpp(233): warning C4244: 'argument': conversion from 'double' to 'unsigned int', possible loss of data
d:\users\l533\documents\github\spteam08\sp1framework\game.cpp(236): warning C4309: 'argument': truncation of constant value
d:\users\l533\documents\github\spteam08\sp1framework\game.cpp(238): warning C4244: 'argument': conversion from 'double' to 'unsigned int', possible loss of data
d:\users\l533\documents\github\spteam08\sp1framework\game.cpp(248): warning C4244: 'argument': conversion from 'double' to 'unsigned int', possible loss of data
d:\users\l533\documents\github\spteam08\sp1framework\game.cpp(251): warning C4309: 'argument': truncation of constant value
d:\users\l533\documents\github\spteam08\sp1framework\game.cpp(253): warning C4244: 'argument': conversion from 'double' to 'unsigned int', possible loss of data
d:\users\l533\documents\github\spteam08\sp1framework\game.cpp(263): warning C4244: 'argument': conversion from 'double' to 'unsigned int', possible loss of data
d:\users\l533\documents\github\spteam08\sp1framework\game.cpp(266): warning C4309: 'argument': truncation of constant value
d:\users\l533\documents\github\spteam08\sp1framework\game.cpp(268): warning C4244: 'argument': conversion from 'double' to 'unsigned int', possible loss of data
d:\users\l533\documents\github\spteam08\sp1framework\game.cpp(278): warning C4244: 'argument': conversion from 'double' to 'unsigned int', possible loss of data
d:\users\l533\documents\github\spteam08\sp1framework\game.cpp(281): warning C4309: 'argument': truncation of constant value
d:\users\l533\documents\github\spteam08\sp1framework\game.cpp(283): warning C4244: 'argument': conversion from 'double' to 'unsigned int', possible loss of data
d:\users\l533\documents\github\spteam08\sp1framework\game.cpp(293): warning C4244: 'argument': conversion from 'double' to 'unsigned int', possible loss of data
d:\users\l533\documents\github\spteam08\sp1framework\game.cpp(296): warning C4309: 'argument': truncation of constant value
d:\users\l533\documents\github\spteam08\sp1framework\game.cpp(298): warning C4244: 'argument': conversion from 'double' to 'unsigned int', possible loss of data
d:\users\l533\documents\github\spteam08\sp1framework\game.cpp(308): warning C4244: 'argument': conversion from 'double' to 'unsigned int', possible loss of data
d:\users\l533\documents\github\spteam08\sp1framework\game.cpp(311): warning C4309: 'argument': truncation of constant value
d:\users\l533\documents\github\spteam08\sp1framework\game.cpp(313): warning C4244: 'argument': conversion from 'double' to 'unsigned int', possible loss of data
d:\users\l533\documents\github\spteam08\sp1framework\game.cpp(323): warning C4244: 'argument': conversion from 'double' to 'unsigned int', possible loss of data
d:\users\l533\documents\github\spteam08\sp1framework\game.cpp(326): warning C4309: 'argument': truncation of constant value
d:\users\l533\documents\github\spteam08\sp1framework\game.cpp(328): warning C4244: 'argument': conversion from 'double' to 'unsigned int', possible loss of data
d:\users\l533\documents\github\spteam08\sp1framework\game.cpp(338): warning C4244: 'argument': conversion from 'double' to 'unsigned int', possible loss of data
d:\users\l533\documents\github\spteam08\sp1framework\game.cpp(343): warning C4244: 'argument': conversion from 'double' to 'unsigned int', possible loss of data
d:\users\l533\documents\github\spteam08\sp1framework\game.cpp(351): warning C4244: 'argument': conversion from 'double' to 'unsigned int', possible loss of data
  SP1Framework.vcxproj -> D:\Users\l533\Documents\GitHub\SPTeam08\Debug\SP1Framework.exe
  SP1Framework.vcxproj -> D:\Users\l533\Documents\GitHub\SPTeam08\Debug\SP1Framework.pdb (Full PDB)
